\BOOKMARK [0][-]{section*.1}{Contents}{}% 1
\BOOKMARK [0][-]{chapter*.3}{Preface}{}% 2
\BOOKMARK [0][-]{chapter.1}{Introduction}{}% 3
\BOOKMARK [1][-]{section.1.1}{From\040a\040point\040to\040a\040curve}{chapter.1}% 4
\BOOKMARK [1][-]{section.1.2}{The\040selection\040principle}{chapter.1}% 5
\BOOKMARK [1][-]{section.1.3}{The\040five\040theorems}{chapter.1}% 6
\BOOKMARK [2][-]{subsection.1.3.1}{The\040Heisenberg\040algebra}{section.1.3}% 7
\BOOKMARK [2][-]{subsection.1.3.2}{The\040general\040theorems}{section.1.3}% 8
\BOOKMARK [1][-]{section.1.4}{The\040E1\040story\040as\040primitive:\040averaging\040and\040the\040modular\040shadow}{chapter.1}% 9
\BOOKMARK [2][-]{paragraph.1.4.0.0.1}{The\040ordered\040convolution\040algebra\040and\040its\040MC\040element.}{section.1.4}% 10
\BOOKMARK [3][-]{paragraph.1.4.0.0.2}{Averaging\040as\040the\040sole\040information\040loss.}{paragraph.1.4.0.0.1}% 11
\BOOKMARK [4][-]{paragraph.1.4.0.0.3}{Five\040reasons\040for\040the\040inversion.}{paragraph.1.4.0.0.2}% 12
\BOOKMARK [4][-]{paragraph.1.4.0.0.4}{Historical\040context.}{paragraph.1.4.0.0.2}% 13
\BOOKMARK [1][-]{section.1.5}{Architecture}{chapter.1}% 14
\BOOKMARK [1][-]{section.1.6}{Beyond\040the\040five\040theorems:\040three\040concentric\040rings}{chapter.1}% 15
\BOOKMARK [2][-]{subsection.1.6.1}{Koszulness\040and\040holographic\040reconstruction}{section.1.6}% 16
\BOOKMARK [2][-]{subsection.1.6.2}{Entanglement\040entropy\040from\040the\040shadow\040obstruction\040tower}{section.1.6}% 17
\BOOKMARK [1][-]{section.1.7}{The\040MC\040frontier}{chapter.1}% 18
\BOOKMARK [1][-]{section.1.8}{The\040master\040invariant\040table}{chapter.1}% 19
\BOOKMARK [1][-]{section.1.9}{Traverse\040of\040the\040volume}{chapter.1}% 20
\BOOKMARK [2][-]{subsection.1.9.1}{\376\377\000N\000u\000m\000b\000e\000r\000e\000d\000\040\000t\000r\000a\000v\000e\000r\000s\000e\000:\000\040\003\230\000A\000\040\000a\000s\000\040\000p\000r\000o\000t\000a\000g\000o\000n\000i\000s\000t}{section.1.9}% 21
\BOOKMARK [1][-]{section.1.10}{Conventions}{chapter.1}% 22
\BOOKMARK [2][-]{subsection.1.10.1}{Ambient\040category}{section.1.10}% 23
\BOOKMARK [2][-]{subsection.1.10.2}{Critical\040pitfalls}{section.1.10}% 24
\BOOKMARK [-1][-]{section*.81}{Overture}{}% 25
\BOOKMARK [0][-]{chapter.2}{The\040Gaussian\040Archetype}{section*.81}% 26
\BOOKMARK [1][-]{section.2.1}{The\040bar\040complex\040at\040degree\0401}{chapter.2}% 27
\BOOKMARK [1][-]{section.2.2}{The\040bar\040complex\040at\040degree\0402:\040Arnold\040enters}{chapter.2}% 28
\BOOKMARK [1][-]{section.2.3}{The\040bar\040complex\040at\040all\040degrees:\040d\040squared\040equals\040zero}{chapter.2}% 29
\BOOKMARK [2][-]{subsection.2.3.1}{Explicit\040degree-3\040computation\040\(n\040=\0403,\040four\040points\)}{section.2.3}% 30
\BOOKMARK [2][-]{subsection.2.3.2}{The\040general\040theorem}{section.2.3}% 31
\BOOKMARK [1][-]{section.2.4}{The\040twisting\040morphism:\040the\040propagator\040as\040algebraic\040map}{chapter.2}% 32
\BOOKMARK [1][-]{section.2.5}{Reading\040off\040the\040Koszul\040dual}{chapter.2}% 33
\BOOKMARK [1][-]{section.2.6}{Bar-cobar\040inversion:\040Theorem\040B\040in\040action}{chapter.2}% 34
\BOOKMARK [2][-]{subsection.2.6.1}{The\040data\040flow}{section.2.6}% 35
\BOOKMARK [2][-]{subsection.2.6.2}{The\040Koszul\040property}{section.2.6}% 36
\BOOKMARK [1][-]{section.2.7}{The\040passage\040to\040genus\0401:\040curvature\040appears}{chapter.2}% 37
\BOOKMARK [2][-]{subsection.2.7.1}{The\040genus-1\040two-point\040function}{section.2.7}% 38
\BOOKMARK [2][-]{subsection.2.7.2}{Curvature:\040d\040fib\040squared\040is\040not\040zero\040at\040genus\0401}{section.2.7}% 39
\BOOKMARK [1][-]{section.2.8}{The\040holomorphic\040anomaly\040and\040E2}{chapter.2}% 40
\BOOKMARK [1][-]{section.2.9}{Why\040the\040ordinary\040derived\040category\040fails}{chapter.2}% 41
\BOOKMARK [1][-]{section.2.10}{Genus\0402:\040Siegel\040modular\040forms}{chapter.2}% 42
\BOOKMARK [1][-]{section.2.11}{The\040genus\040tower:\040recognizing\040the\040A-hat\040genus}{chapter.2}% 43
\BOOKMARK [1][-]{section.2.12}{Complementarity:\040Theorem\040C\040in\040action}{chapter.2}% 44
\BOOKMARK [1][-]{section.2.13}{The\040characteristic\040hierarchy\040in\040the\040Heisenberg\040frame}{chapter.2}% 45
\BOOKMARK [1][-]{section.2.14}{Verifying\040the\040thesis\040at\040the\040atom}{chapter.2}% 46
\BOOKMARK [2][-]{subsection.2.14.1}{The\040seven\040items,\040in\040coordinates}{section.2.14}% 47
\BOOKMARK [2][-]{subsection.2.14.2}{The\040Drinfeld\040double\040of\040the\040Heisenberg\040algebra}{section.2.14}% 48
\BOOKMARK [2][-]{subsection.2.14.3}{Shadow\040tower\040termination:\040the\040base\040case}{section.2.14}% 49
\BOOKMARK [2][-]{subsection.2.14.4}{Thesis\040verified\040at\040the\040Gaussian\040atom}{section.2.14}% 50
\BOOKMARK [1][-]{section.2.15}{Free\040fields\040and\040the\040Lie\205Com\040duality}{chapter.2}% 51
\BOOKMARK [1][-]{section.2.16}{The\040non-abelian\040world:\040affine\040sl2}{chapter.2}% 52
\BOOKMARK [2][-]{subsection.2.16.1}{The\040bar\040differential\040at\040degrees\0400\2052}{section.2.16}% 53
\BOOKMARK [2][-]{subsection.2.16.2}{d\040bracket\040squared\040is\040not\040zero}{section.2.16}% 54
\BOOKMARK [2][-]{subsection.2.16.3}{The\040PBW\040spectral\040sequence}{section.2.16}% 55
\BOOKMARK [2][-]{subsection.2.16.4}{The\040Feigin\205Frenkel\040involution\040as\040Koszul\040duality}{section.2.16}% 56
\BOOKMARK [1][-]{section.2.17}{The\040nonabelian\040Rosetta\040Stone:\040reading\040the\040full\040structure\040from\040affine\040sl2}{chapter.2}% 57
\BOOKMARK [2][-]{subsection.2.17.1}{The\040OPE\040and\040bar\040complex\040in\040the\040sl2\040frame}{section.2.17}% 58
\BOOKMARK [2][-]{subsection.2.17.2}{Swiss-cheese\040decomposition}{section.2.17}% 59
\BOOKMARK [2][-]{subsection.2.17.3}{Reading\040off\040m2\040and\040the\040Feigin\205Frenkel\040involution}{section.2.17}% 60
\BOOKMARK [2][-]{subsection.2.17.4}{The\040affine\040PVA\040and\040Jacobi\040from\040the\040Arnold\040relation}{section.2.17}% 61
\BOOKMARK [2][-]{subsection.2.17.5}{The\040braided\040example:\040the\040odd\040current\040algebra\040and\040the\040spectral\040R-matrix}{section.2.17}% 62
\BOOKMARK [2][-]{subsection.2.17.6}{The\040Chern\205Simons\040hinge:\040the\040thesis\040at\040the\040abelian\040limit}{section.2.17}% 63
\BOOKMARK [3][-]{subsubsection.2.17.6.1}{Abelian\040Chern\205Simons\040on\040a\040disk}{subsection.2.17.6}% 64
\BOOKMARK [3][-]{subsubsection.2.17.6.2}{Perturbative\040expansion\040on\040a\040disk\040and\040the\040Arnold\040propagator}{subsection.2.17.6}% 65
\BOOKMARK [3][-]{subsubsection.2.17.6.3}{The\040bar\040complex\040as\040the\040space\040of\040interval\040amplitudes}{subsection.2.17.6}% 66
\BOOKMARK [3][-]{subsubsection.2.17.6.4}{The\0404d\2053d\2052d\040cascade}{subsection.2.17.6}% 67
\BOOKMARK [1][-]{section.2.18}{W-algebras:\040Koszul\040duality\040meets\040derived\040constructions}{chapter.2}% 68
\BOOKMARK [1][-]{section.2.19}{The\040braided\040world:\040lattice\040algebras\040and\040Yangians}{chapter.2}% 69
\BOOKMARK [1][-]{section.2.20}{The\040main\040theorems}{chapter.2}% 70
\BOOKMARK [2][-]{subsection.2.20.1}{The\040modular\040Koszul\040package}{section.2.20}% 71
\BOOKMARK [2][-]{subsection.2.20.2}{The\040operadic\040architecture}{section.2.20}% 72
\BOOKMARK [2][-]{subsection.2.20.3}{The\040panorama}{section.2.20}% 73
\BOOKMARK [1][-]{section.2.21}{The\040chiral\040center\040theorem\040for\040Heisenberg}{chapter.2}% 74
\BOOKMARK [1][-]{section.2.22}{The\040holographic\040triangle}{chapter.2}% 75
\BOOKMARK [2][-]{subsection.2.22.1}{Vertex\0401:\040the\040boundary\040algebra}{section.2.22}% 76
\BOOKMARK [2][-]{subsection.2.22.2}{Vertex\0402:\040the\040bulk\040algebra\040\(derived\040center\)}{section.2.22}% 77
\BOOKMARK [2][-]{subsection.2.22.3}{Vertex\0403:\040the\040line-operator\040category}{section.2.22}% 78
\BOOKMARK [2][-]{subsection.2.22.4}{The\040triangle\040diagram}{section.2.22}% 79
\BOOKMARK [2][-]{subsection.2.22.5}{Holographic\040datum:\040the\040six-fold\040package}{section.2.22}% 80
\BOOKMARK [1][-]{section.2.23}{From\040bar\040complex\040to\040holographic\040datum}{chapter.2}% 81
\BOOKMARK [2][-]{subsection.2.23.1}{The\040Swiss-cheese\040factorization}{section.2.23}% 82
\BOOKMARK [2][-]{subsection.2.23.2}{The\040bulk-boundary-line\040triangle}{section.2.23}% 83
\BOOKMARK [2][-]{subsection.2.23.3}{Edges\040of\040the\040triangle}{section.2.23}% 84
\BOOKMARK [2][-]{subsection.2.23.4}{The\040holographic\040datum\040from\040the\040MC\040element}{section.2.23}% 85
\BOOKMARK [2][-]{subsection.2.23.5}{Reconstruction\040from\040the\040datum}{section.2.23}% 86
\BOOKMARK [2][-]{subsection.2.23.6}{The\040four\040recovery\040theorems}{section.2.23}% 87
\BOOKMARK [1][-]{section.2.24}{The\040shadow\040connection\040and\040conformal-block\040comparison\040surfaces}{chapter.2}% 88
\BOOKMARK [2][-]{subsection.2.24.1}{Construction\040of\040the\040shadow\040connection}{section.2.24}% 89
\BOOKMARK [2][-]{subsection.2.24.2}{Flatness\040from\040the\040MC\040equation}{section.2.24}% 90
\BOOKMARK [2][-]{subsection.2.24.3}{The\040KZ\040connection\040at\040genus\0400}{section.2.24}% 91
\BOOKMARK [2][-]{subsection.2.24.4}{The\040BPZ\040equations\040from\040the\040shadow\040obstruction\040tower}{section.2.24}% 92
\BOOKMARK [2][-]{subsection.2.24.5}{Higher-genus\040extensions}{section.2.24}% 93
\BOOKMARK [1][-]{section.2.25}{Gravitational\040complexity\040and\040the\040EFT\040hierarchy}{chapter.2}% 94
\BOOKMARK [2][-]{subsection.2.25.1}{Shadow-depth\040classes}{section.2.25}% 95
\BOOKMARK [2][-]{subsection.2.25.2}{The\040obstruction\040classes\040as\040effective\040field\040theory\040data}{section.2.25}% 96
\BOOKMARK [2][-]{subsection.2.25.3}{The\040genus\040loop\040and\040primitive\040shadows}{section.2.25}% 97
\BOOKMARK [2][-]{subsection.2.25.4}{The\040operadic\040complexity\040theorem}{section.2.25}% 98
\BOOKMARK [2][-]{subsection.2.25.5}{Shadow\040depth\040versus\040Koszulness}{section.2.25}% 99
\BOOKMARK [1][-]{section.2.26}{Duality\040and\040the\040gravitational\040phase\040space}{chapter.2}% 100
\BOOKMARK [2][-]{subsection.2.26.1}{The\040Verdier\040involution\040and\040the\040ambient\040decomposition}{section.2.26}% 101
\BOOKMARK [2][-]{subsection.2.26.2}{The\040shifted-symplectic\040structure}{section.2.26}% 102
\BOOKMARK [2][-]{subsection.2.26.3}{Lagrangian\040complementarity}{section.2.26}% 103
\BOOKMARK [2][-]{subsection.2.26.4}{The\040critical\040locus\040and\040anomaly\040cancellation}{section.2.26}% 104
\BOOKMARK [2][-]{subsection.2.26.5}{The\040complementarity\040sum}{section.2.26}% 105
\BOOKMARK [2][-]{subsection.2.26.6}{Duality\040of\040the\040shadow\040obstruction\040tower}{section.2.26}% 106
\BOOKMARK [2][-]{subsection.2.26.7}{The\040Lagrangian\040intersection\040and\040the\040center}{section.2.26}% 107
\BOOKMARK [1][-]{section.2.27}{From\040collision\040to\040Yang\205Baxter}{chapter.2}% 108
\BOOKMARK [2][-]{subsection.2.27.1}{The\040collision\040filtration}{section.2.27}% 109
\BOOKMARK [2][-]{subsection.2.27.2}{The\040spectral\040parameter}{section.2.27}% 110
\BOOKMARK [2][-]{subsection.2.27.3}{Arnold\040implies\040CYBE}{section.2.27}% 111
\BOOKMARK [2][-]{subsection.2.27.4}{From\040r-matrix\040to\040Yangian}{section.2.27}% 112
\BOOKMARK [2][-]{subsection.2.27.5}{The\040RTT\040presentation}{section.2.27}% 113
\BOOKMARK [2][-]{subsection.2.27.6}{The\040modular\040Yangian}{section.2.27}% 114
\BOOKMARK [2][-]{subsection.2.27.7}{The\040Drinfeld\205Kohno\040bridge}{section.2.27}% 115
\BOOKMARK [1][-]{section.2.28}{Perturbative\040finiteness\040and\040the\040critical\040string}{chapter.2}% 116
\BOOKMARK [2][-]{subsection.2.28.1}{The\040HS-sewing\040criterion}{section.2.28}% 117
\BOOKMARK [2][-]{subsection.2.28.2}{The\040Heisenberg\040sewing\040theorem}{section.2.28}% 118
\BOOKMARK [2][-]{subsection.2.28.3}{The\040-genus\040and\040index\040transgression}{section.2.28}% 119
\BOOKMARK [2][-]{subsection.2.28.4}{The\040critical\040string\040at\040c\040=\04026}{section.2.28}% 120
\BOOKMARK [2][-]{subsection.2.28.5}{The\040sewing\040envelope\040and\040analytic\040continuation}{section.2.28}% 121
\BOOKMARK [1][-]{section.2.29}{Guide\040to\040the\040development}{chapter.2}% 122
\BOOKMARK [2][-]{subsection.2.29.1}{The\040algebraic\040engine}{section.2.29}% 123
\BOOKMARK [2][-]{subsection.2.29.2}{The\040shadow\040obstruction\040tower}{section.2.29}% 124
\BOOKMARK [2][-]{subsection.2.29.3}{The\040standard\040landscape}{section.2.29}% 125
\BOOKMARK [2][-]{subsection.2.29.4}{The\040holographic\040triangle}{section.2.29}% 126
\BOOKMARK [2][-]{subsection.2.29.5}{The\040shadow\040connection}{section.2.29}% 127
\BOOKMARK [2][-]{subsection.2.29.6}{The\040Yangian\040extraction}{section.2.29}% 128
\BOOKMARK [2][-]{subsection.2.29.7}{Perturbative\040finiteness}{section.2.29}% 129
\BOOKMARK [2][-]{subsection.2.29.8}{Completion\040and\040the\040MC\040frontier}{section.2.29}% 130
\BOOKMARK [2][-]{subsection.2.29.9}{Bridges\040to\040physics}{section.2.29}% 131
\BOOKMARK [2][-]{subsection.2.29.10}{Volume\040II\040and\040beyond}{section.2.29}% 132
\BOOKMARK [2][-]{subsection.2.29.11}{The\040Koszulness\040characterization\040programme}{section.2.29}% 133
\BOOKMARK [2][-]{subsection.2.29.12}{Summary\040of\040dependencies}{section.2.29}% 134
\BOOKMARK [2][-]{subsection.2.29.13}{The\040master\040invariant\040table}{section.2.29}% 135
\BOOKMARK [-1][-]{part.1}{The\040Bar\040Complex}{}% 136
\BOOKMARK [0][-]{chapter.3}{The\040Fourier\040seed}{part.1}% 137
\BOOKMARK [1][-]{section.3.1}{The\040kernel}{chapter.3}% 138
\BOOKMARK [1][-]{section.3.2}{The\040transform}{chapter.3}% 139
\BOOKMARK [1][-]{section.3.3}{Specialization\040to\040a\040point}{chapter.3}% 140
\BOOKMARK [1][-]{section.3.4}{The\040four\040properties}{chapter.3}% 141
\BOOKMARK [1][-]{section.3.5}{The\040landscape}{chapter.3}% 142
\BOOKMARK [1][-]{section.3.6}{Genus\040as\040deformation\040variable}{chapter.3}% 143
\BOOKMARK [0][-]{chapter.4}{Algebraic\040foundations\040and\040bar\040constructions}{part.1}% 144
\BOOKMARK [1][-]{section.4.1}{Classical\040Koszul\040duality}{chapter.4}% 145
\BOOKMARK [2][-]{subsection.4.1.1}{Quadratic\040algebras\040and\040Koszul\040duality}{section.4.1}% 146
\BOOKMARK [2][-]{subsection.4.1.2}{The\040Koszul\040dual\040coalgebra}{section.4.1}% 147
\BOOKMARK [2][-]{subsection.4.1.3}{Koszul\040pairs:\040precise\040definition}{section.4.1}% 148
\BOOKMARK [2][-]{subsection.4.1.4}{Classical\040examples\040revisited}{section.4.1}% 149
\BOOKMARK [2][-]{subsection.4.1.5}{Chiral\040Koszul\040pairs:\040preview}{section.4.1}% 150
\BOOKMARK [2][-]{subsection.4.1.6}{Twisting\040morphisms:\040the\040fundamental\040object}{section.4.1}% 151
\BOOKMARK [2][-]{subsection.4.1.7}{The\040Gui\205Li\205Zeng\040quadratic\040duality\040framework}{section.4.1}% 152
\BOOKMARK [1][-]{section.4.2}{Symmetric\040sequences\040and\040operads}{chapter.4}% 153
\BOOKMARK [1][-]{section.4.3}{Chiral\040algebras\040and\040non-abelian\040Poincar\351\040duality}{chapter.4}% 154
\BOOKMARK [2][-]{subsection.4.3.1}{Factorization\040as\040local-to-global}{section.4.3}% 155
\BOOKMARK [2][-]{subsection.4.3.2}{Ran\040space\040and\040universal\040recipients}{section.4.3}% 156
\BOOKMARK [1][-]{section.4.4}{The\040cotriple\040bar\040construction}{chapter.4}% 157
\BOOKMARK [2][-]{subsection.4.4.1}{The\040fundamental\040bar-cobar\040isomorphism}{section.4.4}% 158
\BOOKMARK [1][-]{section.4.5}{The\040operadic\040bar-cobar\040duality}{chapter.4}% 159
\BOOKMARK [1][-]{section.4.6}{Cotriple\040resolution\040and\040configuration\040spaces}{chapter.4}% 160
\BOOKMARK [2][-]{subsection.4.6.1}{The\040genus\040expansion}{section.4.6}% 161
\BOOKMARK [1][-]{section.4.7}{Quadratic\040operads\040and\040Koszul\040duality}{chapter.4}% 162
\BOOKMARK [1][-]{section.4.8}{Derivation\040of\040Com-Lie\040duality}{chapter.4}% 163
\BOOKMARK [1][-]{section.4.9}{The\040quadratic\040dual\040and\040orthogonality}{chapter.4}% 164
\BOOKMARK [1][-]{section.4.10}{Factorization\040algebra\040axioms:\040verification}{chapter.4}% 165
\BOOKMARK [2][-]{subsection.4.10.1}{Motivation}{section.4.10}% 166
\BOOKMARK [2][-]{subsection.4.10.2}{Weiss\040topology\040and\040factorization\040algebras}{section.4.10}% 167
\BOOKMARK [2][-]{subsection.4.10.3}{Ayala\205Francis\040axioms}{section.4.10}% 168
\BOOKMARK [2][-]{subsection.4.10.4}{Chiral\040algebras\040as\040factorization\040algebras}{section.4.10}% 169
\BOOKMARK [2][-]{subsection.4.10.5}{Gluing\040formulas\040and\040excision}{section.4.10}% 170
\BOOKMARK [2][-]{subsection.4.10.6}{Cosheaf\040property}{section.4.10}% 171
\BOOKMARK [2][-]{subsection.4.10.7}{Master\040verification\040table}{section.4.10}% 172
\BOOKMARK [1][-]{section.4.11}{Dictionary:\040chiral\040algebra\040types\040and\040Koszul\040dualities}{chapter.4}% 173
\BOOKMARK [0][-]{chapter.5}{The\040three\040invariants\040of\040a\040chiral\040algebra}{part.1}% 174
\BOOKMARK [1][-]{section.5.1}{Motivation:\040the\040beta-gamma\040subtlety}{chapter.5}% 175
\BOOKMARK [1][-]{section.5.2}{Definitions}{chapter.5}% 176
\BOOKMARK [1][-]{section.5.3}{Relations\040among\040the\040three\040invariants}{chapter.5}% 177
\BOOKMARK [1][-]{section.5.4}{The\040load-bearing\040role\040of\040the\040distinction}{chapter.5}% 178
\BOOKMARK [1][-]{section.5.5}{The\040trichotomy\040at\040arity\0402}{chapter.5}% 179
\BOOKMARK [1][-]{section.5.6}{Compute-layer\040verification}{chapter.5}% 180
\BOOKMARK [0][-]{chapter.6}{Configuration\040spaces}{part.1}% 181
\BOOKMARK [1][-]{section.6.1}{Fulton\205MacPherson\040compactification}{chapter.6}% 182
\BOOKMARK [2][-]{subsection.6.1.1}{Explicit\040construction}{section.6.1}% 183
\BOOKMARK [2][-]{subsection.6.1.2}{The\040Fulton\205MacPherson\040compactification\040across\040genera}{section.6.1}% 184
\BOOKMARK [3][-]{subsubsection.6.1.2.1}{Iterated\040blow-up\040construction}{subsection.6.1.2}% 185
\BOOKMARK [3][-]{subsubsection.6.1.2.2}{Boundary\040stratification\040and\040stable\040curves}{subsection.6.1.2}% 186
\BOOKMARK [3][-]{subsubsection.6.1.2.3}{Local\040coordinates\040and\040blow-up\040charts}{subsection.6.1.2}% 187
\BOOKMARK [3][-]{subsubsection.6.1.2.4}{Normal\040crossing\040property\040and\040residues}{subsection.6.1.2}% 188
\BOOKMARK [2][-]{subsection.6.1.3}{Stratification}{section.6.1}% 189
\BOOKMARK [3][-]{subsubsection.6.1.3.1}{Incidence\040relations\040and\040poset\040structure}{subsection.6.1.3}% 190
\BOOKMARK [2][-]{subsection.6.1.4}{Logarithmic\040differential\040forms}{section.6.1}% 191
\BOOKMARK [3][-]{subsubsection.6.1.4.1}{Functoriality\040and\040universal\040properties}{subsection.6.1.4}% 192
\BOOKMARK [3][-]{subsubsection.6.1.4.2}{Connection\040to\040factorization\040homology}{subsection.6.1.4}% 193
\BOOKMARK [1][-]{section.6.2}{Logarithmic\040FM\040compactification\040on\040punctured\040curves}{chapter.6}% 194
\BOOKMARK [1][-]{section.6.3}{Bordered\040Fulton\205MacPherson\040compactification}{chapter.6}% 195
\BOOKMARK [2][-]{subsection.6.3.1}{Tangential\040log\040curves}{section.6.3}% 196
\BOOKMARK [2][-]{subsection.6.3.2}{Mixed\040configuration\040spaces}{section.6.3}% 197
\BOOKMARK [2][-]{subsection.6.3.3}{The\040bordered\040FM\040compactification}{section.6.3}% 198
\BOOKMARK [2][-]{subsection.6.3.4}{Codimension-one\040boundary\040decomposition}{section.6.3}% 199
\BOOKMARK [1][-]{section.6.4}{Modular\040Maurer\205Cartan\040equation\040with\040clutching}{chapter.6}% 200
\BOOKMARK [2][-]{subsection.6.4.1}{The\040modular\040open-closed\040convolution\040algebra}{section.6.4}% 201
\BOOKMARK [2][-]{subsection.6.4.2}{The\040modular\040MC\040element\040with\040clutching}{section.6.4}% 202
\BOOKMARK [1][-]{section.6.5}{Period\040coordinates\040at\040higher\040genus}{chapter.6}% 203
\BOOKMARK [1][-]{section.6.6}{The\040genus-stratified\040bar\040construction}{chapter.6}% 204
\BOOKMARK [2][-]{subsection.6.6.1}{The\040Orlik\205Solomon\040algebra}{section.6.6}% 205
\BOOKMARK [2][-]{subsection.6.6.2}{No-broken-circuit\040bases}{section.6.6}% 206
\BOOKMARK [1][-]{section.6.7}{Configuration\040spaces,\040factorization\040and\040higher\040genus}{chapter.6}% 207
\BOOKMARK [2][-]{subsection.6.7.1}{The\040Ran\040space\040and\040chiral\040operations}{section.6.7}% 208
\BOOKMARK [2][-]{subsection.6.7.2}{Elliptic\040configuration\040spaces\040and\040theta\040functions}{section.6.7}% 209
\BOOKMARK [3][-]{subsubsection.6.7.2.1}{The\040genus\0401\040realm:\040elliptic\040curves\040as\040quotients}{subsection.6.7.2}% 210
\BOOKMARK [3][-]{subsubsection.6.7.2.2}{Theta\040functions\040as\040building\040blocks}{subsection.6.7.2}% 211
\BOOKMARK [2][-]{subsection.6.7.3}{Higher\040genus\040configuration\040spaces}{section.6.7}% 212
\BOOKMARK [3][-]{subsubsection.6.7.3.1}{Hyperbolic\040surfaces\040and\040Teichm\374ller\040theory}{subsection.6.7.3}% 213
\BOOKMARK [2][-]{subsection.6.7.4}{Convergence\040of\040configuration\040space\040integrals}{section.6.7}% 214
\BOOKMARK [2][-]{subsection.6.7.5}{Orientation\040conventions\040for\040configuration\040spaces}{section.6.7}% 215
\BOOKMARK [2][-]{subsection.6.7.6}{The\040chiral\040endomorphism\040operad}{section.6.7}% 216
\BOOKMARK [1][-]{section.6.8}{Chain-level\040constructions\040and\040simplicial\040models}{chapter.6}% 217
\BOOKMARK [2][-]{subsection.6.8.1}{NBC\040bases\040and\040computational\040optimality}{section.6.8}% 218
\BOOKMARK [2][-]{subsection.6.8.2}{Permutohedral\040tiling\040and\040cell\040complex}{section.6.8}% 219
\BOOKMARK [1][-]{section.6.9}{Computational\040complexity\040and\040algorithms}{chapter.6}% 220
\BOOKMARK [2][-]{subsection.6.9.1}{Complexity\040analysis}{section.6.9}% 221
\BOOKMARK [3][-]{subsubsection.6.9.1.1}{Efficient\040residue\040computation}{subsection.6.9.1}% 222
\BOOKMARK [1][-]{section.6.10}{Arnold\040relations:\040explicit\040computations\040and\040physical\040interpretation}{chapter.6}% 223
\BOOKMARK [2][-]{subsection.6.10.1}{Explicit\040computations\040for\040n\040=\0403,\0404,\0405}{section.6.10}% 224
\BOOKMARK [2][-]{subsection.6.10.2}{Physical\040interpretation:\040Jacobi\040identity\040and\040associativity}{section.6.10}% 225
\BOOKMARK [1][-]{section.6.11}{Higher\040genus}{chapter.6}% 226
\BOOKMARK [2][-]{subsection.6.11.1}{Genus\0401:\040elliptic\040functions}{section.6.11}% 227
\BOOKMARK [2][-]{subsection.6.11.2}{Higher\040genus:\040prime\040forms}{section.6.11}% 228
\BOOKMARK [1][-]{section.6.12}{Normal\040crossings\040at\040higher\040genus}{chapter.6}% 229
\BOOKMARK [1][-]{section.6.13}{Explicit\040local\040coordinates\040on\040C\040n\(X\)}{chapter.6}% 230
\BOOKMARK [2][-]{subsection.6.13.1}{General\040setup:\040coordinate\040systems\040near\040boundaries}{section.6.13}% 231
\BOOKMARK [2][-]{subsection.6.13.2}{The\040simplest\040case:\040two\040points\040\(n=2\)}{section.6.13}% 232
\BOOKMARK [3][-]{subsubsection.6.13.2.1}{Naive\040coordinates\040\(fail\040at\040boundary\)}{subsection.6.13.2}% 233
\BOOKMARK [3][-]{subsubsection.6.13.2.2}{Blow-up\040coordinates\040\(smooth\040everywhere\)}{subsection.6.13.2}% 234
\BOOKMARK [2][-]{subsection.6.13.3}{Three\040points\040\(n=3\):\040first\040nontrivial\040case}{section.6.13}% 235
\BOOKMARK [3][-]{subsubsection.6.13.3.1}{Coordinates\040near\040D\04012\040\(first\040two\040points\040collide\)}{subsection.6.13.3}% 236
\BOOKMARK [3][-]{subsubsection.6.13.3.2}{Codimension-2\040stratum:\040all\040three\040points\040collide}{subsection.6.13.3}% 237
\BOOKMARK [2][-]{subsection.6.13.4}{General\040case:\040n\040points}{section.6.13}% 238
\BOOKMARK [2][-]{subsection.6.13.5}{Normal\040bundle\040calculations}{section.6.13}% 239
\BOOKMARK [2][-]{subsection.6.13.6}{Transition\040functions\040between\040charts}{section.6.13}% 240
\BOOKMARK [2][-]{subsection.6.13.7}{Verification\040of\040normal\040crossings}{section.6.13}% 241
\BOOKMARK [2][-]{subsection.6.13.8}{Example:\040n=4\040with\040all\040coordinates}{section.6.13}% 242
\BOOKMARK [3][-]{subsubsection.6.13.8.1}{Codimension-1\040coordinates}{subsection.6.13.8}% 243
\BOOKMARK [3][-]{subsubsection.6.13.8.2}{Codimension-2\040coordinates}{subsection.6.13.8}% 244
\BOOKMARK [3][-]{subsubsection.6.13.8.3}{Codimension-3\040coordinate\040\(deepest\040stratum\)}{subsection.6.13.8}% 245
\BOOKMARK [2][-]{subsection.6.13.9}{Summary\040table:\040coordinate\040systems}{section.6.13}% 246
\BOOKMARK [2][-]{subsection.6.13.10}{Connection\040to\040chiral\040algebra\040and\040OPE}{section.6.13}% 247
\BOOKMARK [1][-]{section.6.14}{Ran\040space:\040topological\040and\040geometric\040structure}{chapter.6}% 248
\BOOKMARK [2][-]{subsection.6.14.1}{Ran\040space:\040definition}{section.6.14}% 249
\BOOKMARK [2][-]{subsection.6.14.2}{D-modules\040and\040factorization\040algebras\040on\040Ran\040space}{section.6.14}% 250
\BOOKMARK [2][-]{subsection.6.14.3}{Chiral\040homology\040as\040sheaf\040cohomology\040on\040Ran\040space}{section.6.14}% 251
\BOOKMARK [2][-]{subsection.6.14.4}{Computational\040examples}{section.6.14}% 252
\BOOKMARK [2][-]{subsection.6.14.5}{Summary\040and\040master\040table}{section.6.14}% 253
\BOOKMARK [0][-]{chapter.7}{The\040geometric\040bar\040complex}{part.1}% 254
\BOOKMARK [1][-]{section.7.1}{The\040geometric\040bar\040complex}{chapter.7}% 255
\BOOKMARK [2][-]{subsection.7.1.1}{OPE\040coefficients\040as\040residues}{section.7.1}% 256
\BOOKMARK [2][-]{subsection.7.1.2}{Non-abelian\040Poincar\351\040perspective\040on\040bar\040construction}{section.7.1}% 257
\BOOKMARK [2][-]{subsection.7.1.3}{Precise\040construction\040of\040the\040bar\040complex}{section.7.1}% 258
\BOOKMARK [3][-]{subsubsection.7.1.3.1}{The\040bar\040differential}{subsection.7.1.3}% 259
\BOOKMARK [2][-]{subsection.7.1.4}{Sign\040conventions}{section.7.1}% 260
\BOOKMARK [2][-]{subsection.7.1.5}{Proof\040that\040d2\040=\0400:\040nine-term\040verification}{section.7.1}% 261
\BOOKMARK [2][-]{subsection.7.1.6}{Stokes'\040theorem\040on\040configuration\040spaces}{section.7.1}% 262
\BOOKMARK [2][-]{subsection.7.1.7}{Arnold\040relations:\040proofs\040from\040three\040perspectives}{section.7.1}% 263
\BOOKMARK [2][-]{subsection.7.1.8}{Low-degree\040explicit\040computations}{section.7.1}% 264
\BOOKMARK [3][-]{subsubsection.7.1.8.1}{Degree\0400:\040the\040vacuum}{subsection.7.1.8}% 265
\BOOKMARK [3][-]{subsubsection.7.1.8.2}{Degree\0401:\040two-point\040functions}{subsection.7.1.8}% 266
\BOOKMARK [2][-]{subsection.7.1.9}{Explicit\040low-degree\040terms}{section.7.1}% 267
\BOOKMARK [2][-]{subsection.7.1.10}{Functoriality\040of\040the\040bar\040construction}{section.7.1}% 268
\BOOKMARK [2][-]{subsection.7.1.11}{Coalgebra\040structure}{section.7.1}% 269
\BOOKMARK [2][-]{subsection.7.1.12}{Coalgebra\040axioms:\040verification}{section.7.1}% 270
\BOOKMARK [2][-]{subsection.7.1.13}{The\040differential:\040detailed\040components}{section.7.1}% 271
\BOOKMARK [3][-]{subsubsection.7.1.13.1}{Internal\040differential}{subsection.7.1.13}% 272
\BOOKMARK [3][-]{subsubsection.7.1.13.2}{Factorization\040differential}{subsection.7.1.13}% 273
\BOOKMARK [3][-]{subsubsection.7.1.13.3}{Configuration\040differential}{subsection.7.1.13}% 274
\BOOKMARK [2][-]{subsection.7.1.14}{Explicit\040residue\040computations}{section.7.1}% 275
\BOOKMARK [2][-]{subsection.7.1.15}{Uniqueness\040and\040functoriality}{section.7.1}% 276
\BOOKMARK [2][-]{subsection.7.1.16}{Bar\040complex\040as\040chiral\040coalgebra}{section.7.1}% 277
\BOOKMARK [0][-]{chapter.8}{The\040geometric\040cobar\040complex}{part.1}% 278
\BOOKMARK [1][-]{subsection.8.0.1}{Motivation:\040reversing\040the\040prism}{chapter.8}% 279
\BOOKMARK [2][-]{subsection.8.0.2}{Distribution\040theory\040prerequisites}{subsection.8.0.1}% 280
\BOOKMARK [2][-]{subsection.8.0.3}{Intrinsic\040cobar\040via\040Verdier\040duality}{subsection.8.0.1}% 281
\BOOKMARK [2][-]{subsection.8.0.4}{Explicit\040distributional\040model}{subsection.8.0.1}% 282
\BOOKMARK [2][-]{subsection.8.0.5}{Sign\040conventions\040for\040cobar\040operations}{subsection.8.0.1}% 283
\BOOKMARK [2][-]{subsection.8.0.6}{Low-degree\040explicit\040computations}{subsection.8.0.1}% 284
\BOOKMARK [2][-]{subsection.8.0.7}{Physical\040interpretation:\040on-shell\040propagator\040and\040Feynman-rule\040templates}{subsection.8.0.1}% 285
\BOOKMARK [2][-]{subsection.8.0.8}{Verdier\040duality\040on\040bar\040and\040cobar}{subsection.8.0.1}% 286
\BOOKMARK [2][-]{subsection.8.0.9}{Kontsevich\040formality\040and\040chiral\040bar\040construction}{subsection.8.0.1}% 287
\BOOKMARK [2][-]{subsection.8.0.10}{\376\377\001\014\000e\000c\000h\000-\000A\000l\000e\000x\000a\000n\000d\000e\000r\000\040\000c\000o\000m\000p\000l\000e\000x\000\040\000r\000e\000a\000l\000i\000z\000a\000t\000i\000o\000n}{subsection.8.0.1}% 288
\BOOKMARK [2][-]{subsection.8.0.11}{Integration\040kernels\040and\040cobar\040operations}{subsection.8.0.1}% 289
\BOOKMARK [2][-]{subsection.8.0.12}{Geometric\040bar-cobar\040composition}{subsection.8.0.1}% 290
\BOOKMARK [1][-]{section.8.1}{Precise\040distribution\040spaces}{chapter.8}% 291
\BOOKMARK [2][-]{subsection.8.1.1}{Poincar\351\205Verdier\040duality\040realization}{section.8.1}% 292
\BOOKMARK [2][-]{subsection.8.1.2}{Explicit\040cobar\040computations}{section.8.1}% 293
\BOOKMARK [2][-]{subsection.8.1.3}{Cobar\040A-infinity\040structure}{section.8.1}% 294
\BOOKMARK [2][-]{subsection.8.1.4}{Geometric\040cobar\040for\040curved\040coalgebras}{section.8.1}% 295
\BOOKMARK [2][-]{subsection.8.1.5}{Computational\040algorithms\040for\040cobar}{section.8.1}% 296
\BOOKMARK [1][-]{section.8.2}{Genus\0401\040contributions:\040central\040extensions\040in\040the\040bar-cobar\040complex}{chapter.8}% 297
\BOOKMARK [2][-]{subsection.8.2.1}{Central\040extensions\040at\040genus\0401:\040intuition}{section.8.2}% 298
\BOOKMARK [3][-]{subsubsection.8.2.1.1}{Physical\040picture}{subsection.8.2.1}% 299
\BOOKMARK [3][-]{subsubsection.8.2.1.2}{Absence\040at\040genus\0400}{subsection.8.2.1}% 300
\BOOKMARK [2][-]{subsection.8.2.2}{The\040geometric\040construction:\040configuration\040spaces\040on\040the\040torus}{section.8.2}% 301
\BOOKMARK [3][-]{subsubsection.8.2.2.1}{Setup:\040the\040genus\0401\040configuration\040space}{subsection.8.2.2}% 302
\BOOKMARK [3][-]{subsubsection.8.2.2.2}{The\040trace\040element}{subsection.8.2.2}% 303
\BOOKMARK [3][-]{subsubsection.8.2.2.3}{Explicit\040formula\040for\040central\040charge\040cocycle}{subsection.8.2.2}% 304
\BOOKMARK [2][-]{subsection.8.2.3}{Formal\040calculations:\040degree-by-degree\040analysis}{section.8.2}% 305
\BOOKMARK [3][-]{subsubsection.8.2.3.1}{Degree\0400:\040the\040vacuum}{subsection.8.2.3}% 306
\BOOKMARK [3][-]{subsubsection.8.2.3.2}{Degree\0401:\040trace\040insertions}{subsection.8.2.3}% 307
\BOOKMARK [3][-]{subsubsection.8.2.3.3}{Degree\0402:\040the\040central\040charge\040emerges}{subsection.8.2.3}% 308
\BOOKMARK [3][-]{subsubsection.8.2.3.4}{Degrees\0403\2055:\040modular\040corrections}{subsection.8.2.3}% 309
\BOOKMARK [2][-]{subsection.8.2.4}{The\040cobar\040resolution:\040recovering\040central\040extensions}{section.8.2}% 310
\BOOKMARK [2][-]{subsection.8.2.5}{Comparison\040with\040physical\040literature}{section.8.2}% 311
\BOOKMARK [2][-]{subsection.8.2.6}{Genus\0401\040summary}{section.8.2}% 312
\BOOKMARK [2][-]{subsection.8.2.7}{Extension\040theory:\040from\040genus\0400\040to\040higher\040genus}{section.8.2}% 313
\BOOKMARK [3][-]{subsubsection.8.2.7.1}{The\040obstruction\040complex}{subsection.8.2.7}% 314
\BOOKMARK [3][-]{subsubsection.8.2.7.2}{The\040tower\040of\040extensions}{subsection.8.2.7}% 315
\BOOKMARK [2][-]{subsection.8.2.8}{Spectral\040sequence\040convergence}{section.8.2}% 316
\BOOKMARK [2][-]{subsection.8.2.9}{Essential\040image\040of\040the\040bar\040functor}{section.8.2}% 317
\BOOKMARK [2][-]{subsection.8.2.10}{BRST\040cohomology\040and\040string\040theory\040connection}{section.8.2}% 318
\BOOKMARK [1][-]{section.8.3}{Relationship\040between\040bar-cobar\040and\040Koszul\040duality}{chapter.8}% 319
\BOOKMARK [2][-]{subsection.8.3.1}{Precise\040formulation\040of\040the\040relationship}{section.8.3}% 320
\BOOKMARK [2][-]{subsection.8.3.2}{Diagram\040of\040relationships}{section.8.3}% 321
\BOOKMARK [2][-]{subsection.8.3.3}{Examples\040illustrating\040the\040distinction}{section.8.3}% 322
\BOOKMARK [1][-]{section.8.4}{Curved\040Koszul\040duality\040and\040quantum\040obstructions}{chapter.8}% 323
\BOOKMARK [0][-]{chapter.9}{Bar-cobar\040adjunction\040and\040curved\040Koszul\040duality}{part.1}% 324
\BOOKMARK [1][-]{section.9.1}{Curved\040Koszul\040duality\040and\040I-adic\040completion}{chapter.9}% 325
\BOOKMARK [2][-]{subsection.9.1.1}{\376\377\000C\000u\000r\000v\000e\000d\000\040\000A\042\036\000\040\000a\000l\000g\000e\000b\000r\000a\000s\000:\000\040\000d\000e\000f\000i\000n\000i\000t\000i\000o\000n\000s}{section.9.1}% 326
\BOOKMARK [2][-]{subsection.9.1.2}{I-adic\040completion:\040topology\040and\040convergence}{section.9.1}% 327
\BOOKMARK [2][-]{subsection.9.1.3}{Filtered\040versus\040curved\040structures}{section.9.1}% 328
\BOOKMARK [2][-]{subsection.9.1.4}{Conilpotency\040and\040convergence\040without\040completion}{section.9.1}% 329
\BOOKMARK [2][-]{subsection.9.1.5}{Examples:\040computing\040Koszul\040duals\040with\040completion}{section.9.1}% 330
\BOOKMARK [2][-]{subsection.9.1.6}{Maurer\205Cartan\040elements\040and\040deformation\040theory}{section.9.1}% 331
\BOOKMARK [2][-]{subsection.9.1.7}{Obstruction\040hierarchy}{section.9.1}% 332
\BOOKMARK [1][-]{section.9.2}{Curved\040A-infinity\040structures:\040strict\040vs\040homotopy\040nilpotence}{chapter.9}% 333
\BOOKMARK [2][-]{subsection.9.2.1}{Mathematical\040foundations:\040three\040regimes}{section.9.2}% 334
\BOOKMARK [3][-]{subsubsection.9.2.1.1}{Regime\040I:\040strict\040differential\040\(d2\040=\0400\040strict\)}{subsection.9.2.1}% 335
\BOOKMARK [3][-]{subsubsection.9.2.1.2}{Regime\040II:\040curved\040differential\040\(m1\040squared\040=\040commutator\040with\040mu0,\040central\040curvature\)}{subsection.9.2.1}% 336
\BOOKMARK [3][-]{subsubsection.9.2.1.3}{Regime\040III:\040general\040homotopy\040coherent\040\(d2\0400\040via\040homotopy\)}{subsection.9.2.1}% 337
\BOOKMARK [2][-]{subsection.9.2.2}{Application\040to\040chiral\040algebras}{section.9.2}% 338
\BOOKMARK [3][-]{subsubsection.9.2.2.1}{Heisenberg\040algebra\040\(level\040k\)}{subsection.9.2.2}% 339
\BOOKMARK [3][-]{subsubsection.9.2.2.2}{Affine\040Kac\205Moody\040\(level\040k\)}{subsection.9.2.2}% 340
\BOOKMARK [3][-]{subsubsection.9.2.2.3}{Virasoro\040algebra\040\(central\040charge\040c\)}{subsection.9.2.2}% 341
\BOOKMARK [3][-]{subsubsection.9.2.2.4}{W-3\040algebra}{subsection.9.2.2}% 342
\BOOKMARK [2][-]{subsection.9.2.3}{Obstruction\040theory:\040genus-by-genus\040analysis}{section.9.2}% 343
\BOOKMARK [2][-]{subsection.9.2.4}{Summary}{section.9.2}% 344
\BOOKMARK [2][-]{subsection.9.2.5}{Connection\040to\040literature}{section.9.2}% 345
\BOOKMARK [2][-]{subsection.9.2.6}{Computational\040corollaries}{section.9.2}% 346
\BOOKMARK [2][-]{subsection.9.2.7}{Perspectives\040on\040strict\040nilpotence}{section.9.2}% 347
\BOOKMARK [3][-]{subsubsection.9.2.7.1}{Physical\040perspective}{subsection.9.2.7}% 348
\BOOKMARK [3][-]{subsubsection.9.2.7.2}{Geometric\040perspective}{subsection.9.2.7}% 349
\BOOKMARK [3][-]{subsubsection.9.2.7.3}{Computational\040and\040functorial\040perspectives}{subsection.9.2.7}% 350
\BOOKMARK [2][-]{subsection.9.2.8}{Strict\040versus\040homotopy\040nilpotence}{section.9.2}% 351
\BOOKMARK [1][-]{section.9.3}{Reconstruction,\040duality,\040and\040the\040Casimir\040transgression}{chapter.9}% 352
\BOOKMARK [2][-]{subsection.9.3.1}{Reconstruction\040versus\040Verdier\205cobar\040duality}{section.9.3}% 353
\BOOKMARK [2][-]{subsection.9.3.2}{The\040mixed-boundary\040spectral\040sequence}{section.9.3}% 354
\BOOKMARK [2][-]{subsection.9.3.3}{The\040Sugawara\040coupling\040and\040the\040universal\040primarity\040differential}{section.9.3}% 355
\BOOKMARK [2][-]{subsection.9.3.4}{The\040Casimir\040transgression\040complex}{section.9.3}% 356
\BOOKMARK [2][-]{subsection.9.3.5}{The\040complete-intersection\040transgression\040principle}{section.9.3}% 357
\BOOKMARK [2][-]{subsection.9.3.6}{Diagonal\040GKO\040transgression}{section.9.3}% 358
\BOOKMARK [1][-]{section.9.4}{Non-quadratic\040chiral\040algebras}{chapter.9}% 359
\BOOKMARK [2][-]{subsection.9.4.1}{Convergence\040criteria}{section.9.4}% 360
\BOOKMARK [2][-]{subsection.9.4.2}{Physical\040interpretation}{section.9.4}% 361
\BOOKMARK [2][-]{subsection.9.4.3}{Summary\040and\040decision\040tree}{section.9.4}% 362
\BOOKMARK [1][-]{section.9.5}{Chiral\040coalgebra\040homological\040algebra}{chapter.9}% 363
\BOOKMARK [2][-]{subsection.9.5.1}{Chiral\040CDG-coalgebras}{section.9.5}% 364
\BOOKMARK [2][-]{subsection.9.5.2}{Chiral\040CDG-comodules\040and\040CDG-contramodules}{section.9.5}% 365
\BOOKMARK [2][-]{subsection.9.5.3}{Chiral\040cotensor\040and\040cohomomorphism\040complexes}{section.9.5}% 366
\BOOKMARK [2][-]{subsection.9.5.4}{Coderived\040and\040contraderived\040categories}{section.9.5}% 367
\BOOKMARK [2][-]{subsection.9.5.5}{Injective\040comodules\040and\040projective\040contramodules}{section.9.5}% 368
\BOOKMARK [2][-]{subsection.9.5.6}{The\040correspondence\040functors}{section.9.5}% 369
\BOOKMARK [2][-]{subsection.9.5.7}{The\040chiral\040comodule-contramodule\040correspondence}{section.9.5}% 370
\BOOKMARK [2][-]{subsection.9.5.8}{Application:\040the\040Positselski\040equivalence\040on\040the\040chiral\040bar-coalgebra\040surface}{section.9.5}% 371
\BOOKMARK [1][-]{section.9.6}{Bar-cobar\040inversion}{chapter.9}% 372
\BOOKMARK [2][-]{subsection.9.6.1}{Statement\040of\040the\040main\040result}{section.9.6}% 373
\BOOKMARK [2][-]{subsection.9.6.2}{Proof\040strategy\040and\040filtration}{section.9.6}% 374
\BOOKMARK [2][-]{subsection.9.6.3}{Spectral\040sequence\040construction}{section.9.6}% 375
\BOOKMARK [2][-]{subsection.9.6.4}{Convergence\040at\040all\040genera}{section.9.6}% 376
\BOOKMARK [2][-]{subsection.9.6.5}{The\040counit\040of\040the\040adjunction}{section.9.6}% 377
\BOOKMARK [2][-]{subsection.9.6.6}{Functoriality\040of\040the\040quasi-isomorphism}{section.9.6}% 378
\BOOKMARK [2][-]{subsection.9.6.7}{Applications\040to\040module\040categories}{section.9.6}% 379
\BOOKMARK [2][-]{subsection.9.6.8}{Completed\040bar-cobar\040inversion}{section.9.6}% 380
\BOOKMARK [2][-]{subsection.9.6.9}{Geometric\040and\040categorical\040characterizations\040of\040chiral\040Koszulness}{section.9.6}% 381
\BOOKMARK [3][-]{subsubsection.9.6.9.1}{Barr\205Beck\205Lurie\040characterization}{subsection.9.6.9}% 382
\BOOKMARK [3][-]{subsubsection.9.6.9.2}{Factorization\040homology\040concentration}{subsection.9.6.9}% 383
\BOOKMARK [3][-]{subsubsection.9.6.9.3}{Fulton\205MacPherson\040boundary\040acyclicity}{subsection.9.6.9}% 384
\BOOKMARK [3][-]{subsubsection.9.6.9.4}{D-module\040purity\040criterion}{subsection.9.6.9}% 385
\BOOKMARK [3][-]{subsubsection.9.6.9.5}{Lagrangian\040criterion\040in\040the\040shifted-symplectic\040deformation\040space}{subsection.9.6.9}% 386
\BOOKMARK [1][-]{section.9.7}{Recognizing\040Koszul\040duals\040in\040practice}{chapter.9}% 387
\BOOKMARK [1][-]{section.9.8}{The\040Ran-space\040perspective}{chapter.9}% 388
\BOOKMARK [2][-]{subsection.9.8.1}{Bar-cobar\040as\040factorization\040homology}{section.9.8}% 389
\BOOKMARK [1][-]{section.9.9}{The\040categorical\040logarithm}{chapter.9}% 390
\BOOKMARK [2][-]{subsection.9.9.1}{The\040exponential-logarithm\040correspondence}{section.9.9}% 391
\BOOKMARK [2][-]{subsection.9.9.2}{The\040Taylor\040expansion\040of\040the\040logarithm}{section.9.9}% 392
\BOOKMARK [2][-]{subsection.9.9.3}{Additivity\040and\040the\040branch\040structure}{section.9.9}% 393
\BOOKMARK [2][-]{subsection.9.9.4}{From\040single-valued\040to\040multi-valued:\040the\040genus\040transition}{section.9.9}% 394
\BOOKMARK [2][-]{subsection.9.9.5}{The\040characteristic\040hierarchy\040as\040logarithmic\040data}{section.9.9}% 395
\BOOKMARK [2][-]{subsection.9.9.6}{Visible\040theorems}{section.9.9}% 396
\BOOKMARK [2][-]{subsection.9.9.7}{The\040categorical\040logarithm\040and\040its\040four\040properties}{section.9.9}% 397
\BOOKMARK [2][-]{subsection.9.9.8}{From\040tree-level\040to\040modular\040homotopy\040theory}{section.9.9}% 398
\BOOKMARK [2][-]{subsection.9.9.9}{Scalar\040rigidity\040and\040the\040quadratic\040frontier}{section.9.9}% 399
\BOOKMARK [1][-]{section.9.10}{\376\377\001\014\000e\000c\000h\000\040\000r\000e\000s\000o\000l\000u\000t\000i\000o\000n\000\040\000a\000n\000d\000\040\000h\000o\000m\000o\000t\000o\000p\000y\000\040\000c\000h\000i\000r\000a\000l\000\040\000a\000l\000g\000e\000b\000r\000a\000s}{chapter.9}% 400
\BOOKMARK [2][-]{subsection.9.10.1}{The\040cosimplicial\040Lie\040algebra\040of\040sections}{section.9.10}% 401
\BOOKMARK [2][-]{subsection.9.10.2}{\376\377\000T\000h\000e\000\040\001\014\000e\000c\000h\000\040\000c\000o\000n\000v\000o\000l\000u\000t\000i\000o\000n\000\040\000d\000g\000\040\000L\000i\000e\000\040\000a\000l\000g\000e\000b\000r\000a}{section.9.10}% 402
\BOOKMARK [2][-]{subsection.9.10.3}{HCA\040operations\040as\040a\040Maurer\205Cartan\040element}{section.9.10}% 403
\BOOKMARK [2][-]{subsection.9.10.4}{\376\377\001\014\000e\000c\000h\040\023\000b\000a\000r\000\040\000c\000o\000m\000p\000a\000r\000i\000s\000o\000n\000\040\000a\000s\000\040\000L\042\036\000\040\000m\000o\000r\000p\000h\000i\000s\000m}{section.9.10}% 404
\BOOKMARK [2][-]{subsection.9.10.5}{Strictness\040and\040the\040cover}{section.9.10}% 405
\BOOKMARK [2][-]{subsection.9.10.6}{Examples}{section.9.10}% 406
\BOOKMARK [1][-]{section.9.11}{Casimir\040invariants\040and\040the\040divisor-core\040lattice}{chapter.9}% 407
\BOOKMARK [2][-]{subsection.9.11.1}{Cyclic\040transport\040objects\040and\040divisor\040cores}{section.9.11}% 408
\BOOKMARK [2][-]{subsection.9.11.2}{Hom\040=\040gcd\040and\040factorization\040through\040common\040cores}{section.9.11}% 409
\BOOKMARK [2][-]{subsection.9.11.3}{The\040Casimir\040recurrence\040module}{section.9.11}% 410
\BOOKMARK [2][-]{subsection.9.11.4}{Sector\040determinant\040and\040Casimir\040reconstruction}{section.9.11}% 411
\BOOKMARK [2][-]{subsection.9.11.5}{Primary\040Jordan\040filtration}{section.9.11}% 412
\BOOKMARK [2][-]{subsection.9.11.6}{Common-core\040transport\040between\040algebras}{section.9.11}% 413
\BOOKMARK [2][-]{subsection.9.11.7}{The\040sl3-hat\040vs\040W3\040common\040core}{section.9.11}% 414
\BOOKMARK [2][-]{subsection.9.11.8}{The\040geometric\040frontier}{section.9.11}% 415
\BOOKMARK [0][-]{chapter.10}{Homotopy\040transfer}{part.1}% 416
\BOOKMARK [1][-]{section.10.1}{Historical\040origins}{chapter.10}% 417
\BOOKMARK [1][-]{section.10.2}{The\040homotopy\040transfer\040theorem}{chapter.10}% 418
\BOOKMARK [1][-]{section.10.3}{Explicit\040formulas\040for\040transferred\040structures}{chapter.10}% 419
\BOOKMARK [1][-]{section.10.4}{Applications\040to\040minimal\040models}{chapter.10}% 420
\BOOKMARK [1][-]{section.10.5}{Extended\040formulas\040and\040computational\040techniques}{chapter.10}% 421
\BOOKMARK [1][-]{section.10.6}{Applications\040to\040chiral\040algebras}{chapter.10}% 422
\BOOKMARK [1][-]{section.10.7}{Homotopy\040transfer\040and\040the\040main\040theorems}{chapter.10}% 423
\BOOKMARK [2][-]{subsection.10.7.1}{The\040bar-cobar\040counit\040as\040HTT\040output}{section.10.7}% 424
\BOOKMARK [2][-]{subsection.10.7.2}{Trees\040and\040boundary\040strata:\040the\040geometric\040HTT}{section.10.7}% 425
\BOOKMARK [2][-]{subsection.10.7.3}{Genus\040corrections\040as\040transferred\040operations}{section.10.7}% 426
\BOOKMARK [0][-]{chapter.11}{Non-abelian\040Poincar\351\040duality\040and\040the\040construction\040of\040Koszul\040dual\040coalgebras}{part.1}% 427
\BOOKMARK [1][-]{section.11.1}{The\040circularity\040problem}{chapter.11}% 428
\BOOKMARK [1][-]{section.11.2}{Logarithmic\040forms\040and\040distributional\040currents}{chapter.11}% 429
\BOOKMARK [1][-]{section.11.3}{Verdier\040duality\040on\040configuration\040spaces}{chapter.11}% 430
\BOOKMARK [2][-]{subsection.11.3.1}{The\040dual\040operations}{section.11.3}% 431
\BOOKMARK [1][-]{section.11.4}{From\040Verdier\040duality\040to\040cooperad\040structure}{chapter.11}% 432
\BOOKMARK [2][-]{subsection.11.4.1}{Verification\040of\040coalgebra\040axioms}{section.11.4}% 433
\BOOKMARK [1][-]{section.11.5}{The\040bar\040construction\040computes\040the\040dual\040coalgebra}{chapter.11}% 434
\BOOKMARK [2][-]{subsection.11.5.1}{Explicit\040computation\040in\040low\040degrees}{section.11.5}% 435
\BOOKMARK [1][-]{section.11.6}{Koszul\040pairs\040and\040symmetric\040duality}{chapter.11}% 436
\BOOKMARK [1][-]{section.11.7}{Non-quadratic\040cases\040and\040completion}{chapter.11}% 437
\BOOKMARK [2][-]{subsection.11.7.1}{Application:\040W-algebras}{section.11.7}% 438
\BOOKMARK [1][-]{section.11.8}{Resolution\040of\040the\040circularity}{chapter.11}% 439
\BOOKMARK [0][-]{chapter.12}{Chiral\040Koszul\040duality}{part.1}% 440
\BOOKMARK [1][-]{section.12.1}{From\040the\040Heisenberg\040example\040to\040general\040twisting\040data}{chapter.12}% 441
\BOOKMARK [2][-]{subsection.12.1.1}{Construction\040layer:\040twisting\040data}{section.12.1}% 442
\BOOKMARK [2][-]{subsection.12.1.2}{The\040concept\040of\040chiral\040Koszul\040pairs:\040precise\040formulation}{section.12.1}% 443
\BOOKMARK [